<?xml version="1.0" encoding="UTF-8"?>
<!-- Generated by org.testng.reporters.JUnitXMLReporter -->
<testsuite hostname="SAJIDs-MBP.fios-router.home" ignored="0" name="Test" tests="3" failures="0" timestamp="2021-06-27T01:28:18 EDT" time="9.029" errors="0">
  <testcase name="loginPageTest" time="0.082" classname="com.tests.OrangeHRMTest"/>
  <testcase name="loginTest" time="0.743" classname="com.tests.OrangeHRMTest"/>
  <testcase name="sampleCase" time="0.004" classname="com.tests.OrangeHRMTest"/>
</testsuite> <!-- Test -->
